<?xml version="1.0" encoding="UTF-8"?>
<!-- Generated by org.testng.reporters.JUnitXMLReporter -->
<testsuite ignored="0" hostname="WIN-251I7G81T1F" failures="0" tests="2" name="Linux-Edge" time="360.081" errors="0" timestamp="2025-02-10T00:38:33 GMT">
  <testcase classname="testCases.TC001_AccountRegistrationTest" name="registrationTest" time="0.0">
    <skipped/>
  </testcase> <!-- registrationTest -->
  <testcase classname="testCases.TC002_LoginTest" name="loginTest" time="0.001">
    <skipped/>
  </testcase> <!-- loginTest -->
</testsuite> <!-- Linux-Edge -->
