<?xml version="1.0" encoding="UTF-8"?>
<!-- Generated by org.testng.reporters.JUnitXMLReporter -->
<testsuite ignored="2" hostname="WIN-251I7G81T1F" failures="4" tests="6" name="Test" time="55.799" errors="0" timestamp="2025-02-11T19:19:22 GMT">
  <testcase classname="testCases.TC004_LoginDDTExcel" name="loginDDT" time="11.508"/>
  <testcase classname="testCases.TC004_LoginDDTExcel" name="loginDDT" time="11.576">
    <failure type="java.lang.AssertionError" message="expected [true] but found [false]">
      <![CDATA[java.lang.AssertionError: expected [true] but found [false]
at testCases.TC004_LoginDDTExcel.loginDDT(TC004_LoginDDTExcel.java:50)
at java.base/java.util.ArrayList.forEach(ArrayList.java:1597)
... Removed 29 stack frames]]>
    </failure>
  </testcase> <!-- loginDDT -->
  <testcase classname="testCases.TC004_LoginDDTExcel" name="loginDDT" time="12.049">
    <failure type="java.lang.AssertionError" message="expected [true] but found [false]">
      <![CDATA[java.lang.AssertionError: expected [true] but found [false]
at testCases.TC004_LoginDDTExcel.loginDDT(TC004_LoginDDTExcel.java:50)
at java.base/java.util.ArrayList.forEach(ArrayList.java:1597)
... Removed 29 stack frames]]>
    </failure>
  </testcase> <!-- loginDDT -->
  <testcase classname="testCases.TC004_LoginDDTExcel" name="loginDDT" time="11.686"/>
  <testcase classname="testCases.TC004_LoginDDTExcel" name="loginDDT" time="2.46">
    <failure type="java.lang.AssertionError" message="expected [true] but found [false]">
      <![CDATA[java.lang.AssertionError: expected [true] but found [false]
at testCases.TC004_LoginDDTExcel.loginDDT(TC004_LoginDDTExcel.java:60)
at java.base/java.util.ArrayList.forEach(ArrayList.java:1597)
... Removed 29 stack frames]]>
    </failure>
  </testcase> <!-- loginDDT -->
  <testcase classname="testCases.TC004_LoginDDTExcel" name="loginDDT" time="0.498">
    <failure type="java.lang.AssertionError" message="null">
      <![CDATA[java.lang.AssertionError: null
at testCases.TC004_LoginDDTExcel.loginDDT(TC004_LoginDDTExcel.java:74)
at java.base/java.util.ArrayList.forEach(ArrayList.java:1597)
... Removed 27 stack frames]]>
    </failure>
  </testcase> <!-- loginDDT -->
  <testcase classname="testCases.TC001_AccountRegistrationTest" name="registrationTest" time="0.0">
    <ignored/>
  </testcase> <!-- registrationTest -->
  <testcase classname="testCases.TC002_LoginTest" name="loginTest" time="0.0">
    <ignored/>
  </testcase> <!-- loginTest -->
</testsuite> <!-- Test -->
