<?xml version="1.0" encoding="UTF-8"?>
<testng-results ignored="0" total="3" passed="3" failed="0" skipped="0">
  <reporter-output>
  </reporter-output>
  <suite started-at="2025-02-11T19:11:27 GMT" name="Suite" finished-at="2025-02-11T19:12:22 GMT" duration-ms="54300">
    <groups>
      <group name="Master">
        <method signature="TC001_AccountRegistrationTest.registrationTest()[pri:0, instance:testCases.TC001_AccountRegistrationTest@71812481]" name="registrationTest" class="testCases.TC001_AccountRegistrationTest"/>
        <method signature="TC001_AccountRegistrationTest.registrationTest()[pri:0, instance:testCases.TC001_AccountRegistrationTest@5a709816]" name="registrationTest" class="testCases.TC001_AccountRegistrationTest"/>
        <method signature="TC001_AccountRegistrationTest.registrationTest()[pri:0, instance:testCases.TC001_AccountRegistrationTest@6ad3381f]" name="registrationTest" class="testCases.TC001_AccountRegistrationTest"/>
      </group> <!-- Master -->
      <group name="Regression">
        <method signature="TC001_AccountRegistrationTest.registrationTest()[pri:0, instance:testCases.TC001_AccountRegistrationTest@71812481]" name="registrationTest" class="testCases.TC001_AccountRegistrationTest"/>
        <method signature="TC001_AccountRegistrationTest.registrationTest()[pri:0, instance:testCases.TC001_AccountRegistrationTest@5a709816]" name="registrationTest" class="testCases.TC001_AccountRegistrationTest"/>
        <method signature="TC001_AccountRegistrationTest.registrationTest()[pri:0, instance:testCases.TC001_AccountRegistrationTest@6ad3381f]" name="registrationTest" class="testCases.TC001_AccountRegistrationTest"/>
      </group> <!-- Regression -->
    </groups>
    <test started-at="2025-02-11T19:11:27 GMT" name="chrometest" finished-at="2025-02-11T19:11:57 GMT" duration-ms="30043">
      <class name="testCases.TC001_AccountRegistrationTest">
        <test-method is-config="true" signature="setup(java.lang.String,java.lang.String)[pri:0, instance:testCases.TC001_AccountRegistrationTest@71812481]" started-at="2025-02-11T19:11:28 GMT" name="setup" finished-at="2025-02-11T19:11:52 GMT" duration-ms="24610" status="PASS">
          <params>
            <param index="0">
              <value>
                <![CDATA[Windows]]>
              </value>
            </param>
            <param index="1">
              <value>
                <![CDATA[chrome]]>
              </value>
            </param>
          </params>
          <reporter-output>
          </reporter-output>
        </test-method> <!-- setup -->
        <test-method signature="registrationTest()[pri:0, instance:testCases.TC001_AccountRegistrationTest@71812481]" started-at="2025-02-11T19:11:52 GMT" name="registrationTest" finished-at="2025-02-11T19:11:57 GMT" duration-ms="4272" status="PASS">
          <reporter-output>
          </reporter-output>
        </test-method> <!-- registrationTest -->
        <test-method is-config="true" signature="tearDown()[pri:0, instance:testCases.TC001_AccountRegistrationTest@71812481]" started-at="2025-02-11T19:11:57 GMT" name="tearDown" finished-at="2025-02-11T19:11:57 GMT" duration-ms="745" status="PASS">
          <reporter-output>
          </reporter-output>
        </test-method> <!-- tearDown -->
      </class> <!-- testCases.TC001_AccountRegistrationTest -->
    </test> <!-- chrometest -->
    <test started-at="2025-02-11T19:11:59 GMT" name="firefoxtest" finished-at="2025-02-11T19:12:13 GMT" duration-ms="14293">
      <class name="testCases.TC001_AccountRegistrationTest">
        <test-method is-config="true" signature="setup(java.lang.String,java.lang.String)[pri:0, instance:testCases.TC001_AccountRegistrationTest@5a709816]" started-at="2025-02-11T19:11:59 GMT" name="setup" finished-at="2025-02-11T19:12:08 GMT" duration-ms="9798" status="PASS">
          <params>
            <param index="0">
              <value>
                <![CDATA[Windows]]>
              </value>
            </param>
            <param index="1">
              <value>
                <![CDATA[firefox]]>
              </value>
            </param>
          </params>
          <reporter-output>
          </reporter-output>
        </test-method> <!-- setup -->
        <test-method signature="registrationTest()[pri:0, instance:testCases.TC001_AccountRegistrationTest@5a709816]" started-at="2025-02-11T19:12:08 GMT" name="registrationTest" finished-at="2025-02-11T19:12:12 GMT" duration-ms="3541" status="PASS">
          <reporter-output>
          </reporter-output>
        </test-method> <!-- registrationTest -->
        <test-method is-config="true" signature="tearDown()[pri:0, instance:testCases.TC001_AccountRegistrationTest@5a709816]" started-at="2025-02-11T19:12:12 GMT" name="tearDown" finished-at="2025-02-11T19:12:13 GMT" duration-ms="949" status="PASS">
          <reporter-output>
          </reporter-output>
        </test-method> <!-- tearDown -->
      </class> <!-- testCases.TC001_AccountRegistrationTest -->
    </test> <!-- firefoxtest -->
    <test started-at="2025-02-11T19:12:13 GMT" name="edgetest" finished-at="2025-02-11T19:12:22 GMT" duration-ms="8652">
      <class name="testCases.TC001_AccountRegistrationTest">
        <test-method is-config="true" signature="setup(java.lang.String,java.lang.String)[pri:0, instance:testCases.TC001_AccountRegistrationTest@6ad3381f]" started-at="2025-02-11T19:12:13 GMT" name="setup" finished-at="2025-02-11T19:12:18 GMT" duration-ms="4733" status="PASS">
          <params>
            <param index="0">
              <value>
                <![CDATA[Windows]]>
              </value>
            </param>
            <param index="1">
              <value>
                <![CDATA[edge]]>
              </value>
            </param>
          </params>
          <reporter-output>
          </reporter-output>
        </test-method> <!-- setup -->
        <test-method signature="registrationTest()[pri:0, instance:testCases.TC001_AccountRegistrationTest@6ad3381f]" started-at="2025-02-11T19:12:18 GMT" name="registrationTest" finished-at="2025-02-11T19:12:20 GMT" duration-ms="2638" status="PASS">
          <reporter-output>
          </reporter-output>
        </test-method> <!-- registrationTest -->
        <test-method is-config="true" signature="tearDown()[pri:0, instance:testCases.TC001_AccountRegistrationTest@6ad3381f]" started-at="2025-02-11T19:12:20 GMT" name="tearDown" finished-at="2025-02-11T19:12:22 GMT" duration-ms="1277" status="PASS">
          <reporter-output>
          </reporter-output>
        </test-method> <!-- tearDown -->
      </class> <!-- testCases.TC001_AccountRegistrationTest -->
    </test> <!-- edgetest -->
  </suite> <!-- Suite -->
</testng-results>
